android/app/build/intermediates/manifest_merge_blame_file/debug/manifest-merger-blame-debug-report.txt
1<?xml version="1.0" encoding="utf-8"?>
2<manifest xmlns:android="http://schemas.android.com/apk/res/android"
3    package="com.todoapp"
4    android:versionCode="1"
5    android:versionName="1.0" >
6
7    <uses-sdk
8        android:minSdkVersion="21"
9        android:targetSdkVersion="30" />
10
11    <uses-permission android:name="android.permission.SYSTEM_ALERT_WINDOW" />
11-->src\debug\AndroidManifest.xml:5:5-77
11-->src\debug\AndroidManifest.xml:5:22-75
12    <uses-permission android:name="android.permission.INTERNET" />
12-->src\main\AndroidManifest.xml:4:5-67
12-->src\main\AndroidManifest.xml:4:22-64
13    <uses-permission android:name="android.permission.ACCESS_WIFI_STATE" />
13-->[com.facebook.flipper:flipper:0.99.0] AndroidManifest.xml:16:5-76
13-->[com.facebook.flipper:flipper:0.99.0] AndroidManifest.xml:16:22-73
14    <uses-permission android:name="android.permission.WAKE_LOCK" />
14-->[:react-native-firebase_auth] AndroidManifest.xml:10:5-68
14-->[:react-native-firebase_auth] AndroidManifest.xml:10:22-65
15    <uses-permission android:name="android.permission.ACCESS_NETWORK_STATE" />
15-->[:react-native-firebase_auth] AndroidManifest.xml:11:5-79
15-->[:react-native-firebase_auth] AndroidManifest.xml:11:22-76
16    <uses-permission android:name="com.google.android.gms.permission.AD_ID" />
16-->[com.facebook.android:facebook-core:13.2.0] AndroidManifest.xml:28:5-79
16-->[com.facebook.android:facebook-core:13.2.0] AndroidManifest.xml:28:22-76
17    <uses-permission android:name="com.google.android.finsky.permission.BIND_GET_INSTALL_REFERRER_SERVICE" />
17-->[com.android.installreferrer:installreferrer:1.0] AndroidManifest.xml:9:5-110
17-->[com.android.installreferrer:installreferrer:1.0] AndroidManifest.xml:9:22-107
18
19    <application
19-->src\main\AndroidManifest.xml:6:5-45:19
20        android:name="com.todoapp.MainApplication"
20-->src\main\AndroidManifest.xml:7:7-38
21        android:allowBackup="false"
21-->src\main\AndroidManifest.xml:11:7-34
22        android:appComponentFactory="androidx.core.app.CoreComponentFactory"
22-->[androidx.core:core:1.5.0] AndroidManifest.xml:24:18-86
23        android:debuggable="true"
24        android:icon="@mipmap/ic_launcher"
24-->src\main\AndroidManifest.xml:9:7-41
25        android:label="@string/app_name"
25-->src\main\AndroidManifest.xml:8:7-39
26        android:roundIcon="@mipmap/ic_launcher_round"
26-->src\main\AndroidManifest.xml:10:7-52
27        android:supportsRtl="true"
27-->[com.facebook.android:facebook-android-sdk:13.2.0] AndroidManifest.xml:28:18-44
28        android:theme="@style/AppTheme"
28-->src\main\AndroidManifest.xml:12:7-38
29        android:usesCleartextTraffic="true" >
29-->src\debug\AndroidManifest.xml:8:9-44
30        <activity android:name="com.facebook.react.devsupport.DevSettingsActivity" />
30-->src\debug\AndroidManifest.xml:11:9-86
30-->src\debug\AndroidManifest.xml:11:19-83
31
32        <meta-data
32-->src\main\AndroidManifest.xml:14:3-101
33            android:name="com.facebook.sdk.ApplicationId"
33-->src\main\AndroidManifest.xml:14:14-59
34            android:value="@string/facebook_app_id" />
34-->src\main\AndroidManifest.xml:14:60-99
35        <meta-data
35-->src\main\AndroidManifest.xml:15:5-107
36            android:name="com.facebook.sdk.ClientToken"
36-->src\main\AndroidManifest.xml:15:16-59
37            android:value="@string/facebook_client_token" />
37-->src\main\AndroidManifest.xml:15:60-105
38
39        <activity
39-->src\main\AndroidManifest.xml:17:5-20:44
40            android:name="com.facebook.FacebookActivity"
40-->src\main\AndroidManifest.xml:17:15-59
41            android:configChanges="keyboard|keyboardHidden|screenLayout|screenSize|orientation"
41-->src\main\AndroidManifest.xml:18:9-110
42            android:label="@string/app_name"
42-->src\main\AndroidManifest.xml:20:9-41
43            android:theme="@style/com_facebook_activity_theme" />
43-->[com.facebook.android:facebook-common:13.2.0] AndroidManifest.xml:33:13-63
44        <activity
44-->src\main\AndroidManifest.xml:21:5-30:16
45            android:name="com.facebook.CustomTabActivity"
45-->src\main\AndroidManifest.xml:22:9-54
46            android:exported="true" >
46-->src\main\AndroidManifest.xml:23:9-32
47            <intent-filter>
47-->src\main\AndroidManifest.xml:24:9-29:25
48                <action android:name="android.intent.action.VIEW" />
48-->src\main\AndroidManifest.xml:25:13-65
48-->src\main\AndroidManifest.xml:25:21-62
49
50                <category android:name="android.intent.category.DEFAULT" />
50-->src\main\AndroidManifest.xml:26:13-72
50-->src\main\AndroidManifest.xml:26:23-69
51                <category android:name="android.intent.category.BROWSABLE" />
51-->src\main\AndroidManifest.xml:27:13-74
51-->src\main\AndroidManifest.xml:27:23-71
52
53                <data android:scheme="@string/fb_login_protocol_scheme" />
53-->src\main\AndroidManifest.xml:28:13-71
53-->src\main\AndroidManifest.xml:28:19-68
54            </intent-filter>
55            <intent-filter>
55-->[com.facebook.android:facebook-common:13.2.0] AndroidManifest.xml:39:13-48:29
56                <action android:name="android.intent.action.VIEW" />
56-->src\main\AndroidManifest.xml:25:13-65
56-->src\main\AndroidManifest.xml:25:21-62
57
58                <category android:name="android.intent.category.DEFAULT" />
58-->src\main\AndroidManifest.xml:26:13-72
58-->src\main\AndroidManifest.xml:26:23-69
59                <category android:name="android.intent.category.BROWSABLE" />
59-->src\main\AndroidManifest.xml:27:13-74
59-->src\main\AndroidManifest.xml:27:23-71
60
61                <data
61-->src\main\AndroidManifest.xml:28:13-71
62                    android:host="cct.com.todoapp"
63                    android:scheme="fbconnect" />
63-->src\main\AndroidManifest.xml:28:19-68
64            </intent-filter>
65        </activity>
66        <activity
66-->src\main\AndroidManifest.xml:34:7-44:18
67            android:name="com.todoapp.MainActivity"
67-->src\main\AndroidManifest.xml:35:9-37
68            android:configChanges="keyboard|keyboardHidden|orientation|screenSize|uiMode"
68-->src\main\AndroidManifest.xml:37:9-86
69            android:label="@string/app_name"
69-->src\main\AndroidManifest.xml:36:9-41
70            android:launchMode="singleTask"
70-->src\main\AndroidManifest.xml:38:9-40
71            android:windowSoftInputMode="adjustResize" >
71-->src\main\AndroidManifest.xml:39:9-51
72            <intent-filter>
72-->src\main\AndroidManifest.xml:40:9-43:25
73                <action android:name="android.intent.action.MAIN" />
73-->src\main\AndroidManifest.xml:41:13-65
73-->src\main\AndroidManifest.xml:41:21-62
74
75                <category android:name="android.intent.category.LAUNCHER" />
75-->src\main\AndroidManifest.xml:42:13-73
75-->src\main\AndroidManifest.xml:42:23-70
76            </intent-filter>
77        </activity>
78
79        <meta-data
79-->[:react-native-firebase_app] AndroidManifest.xml:10:9-12:36
80            android:name="app_data_collection_default_enabled"
80-->[:react-native-firebase_app] AndroidManifest.xml:11:13-63
81            android:value="true" />
81-->[:react-native-firebase_app] AndroidManifest.xml:12:13-33
82
83        <service
83-->[:react-native-firebase_app] AndroidManifest.xml:14:9-18:19
84            android:name="com.google.firebase.components.ComponentDiscoveryService"
84-->[:react-native-firebase_app] AndroidManifest.xml:14:18-89
85            android:directBootAware="true"
85-->[com.google.firebase:firebase-common:20.0.0] AndroidManifest.xml:35:13-43
86            android:exported="false" >
86-->[com.google.firebase:firebase-auth:21.0.1] AndroidManifest.xml:76:13-37
87            <meta-data
87-->[:react-native-firebase_app] AndroidManifest.xml:15:13-17:85
88                android:name="com.google.firebase.components:io.invertase.firebase.app.ReactNativeFirebaseAppRegistrar"
88-->[:react-native-firebase_app] AndroidManifest.xml:16:17-120
89                android:value="com.google.firebase.components.ComponentRegistrar" />
89-->[:react-native-firebase_app] AndroidManifest.xml:17:17-82
90            <meta-data
90-->[com.google.firebase:firebase-auth:21.0.1] AndroidManifest.xml:77:13-79:85
91                android:name="com.google.firebase.components:com.google.firebase.auth.FirebaseAuthRegistrar"
91-->[com.google.firebase:firebase-auth:21.0.1] AndroidManifest.xml:78:17-109
92                android:value="com.google.firebase.components.ComponentRegistrar" />
92-->[com.google.firebase:firebase-auth:21.0.1] AndroidManifest.xml:79:17-82
93            <meta-data
93-->[com.google.firebase:firebase-firestore:24.0.1] AndroidManifest.xml:20:13-22:85
94                android:name="com.google.firebase.components:com.google.firebase.firestore.FirestoreRegistrar"
94-->[com.google.firebase:firebase-firestore:24.0.1] AndroidManifest.xml:21:17-111
95                android:value="com.google.firebase.components.ComponentRegistrar" />
95-->[com.google.firebase:firebase-firestore:24.0.1] AndroidManifest.xml:22:17-82
96        </service>
97
98        <provider
98-->[:react-native-firebase_app] AndroidManifest.xml:20:9-24:38
99            android:name="io.invertase.firebase.app.ReactNativeFirebaseAppInitProvider"
99-->[:react-native-firebase_app] AndroidManifest.xml:21:13-88
100            android:authorities="com.todoapp.reactnativefirebaseappinitprovider"
100-->[:react-native-firebase_app] AndroidManifest.xml:22:13-86
101            android:exported="false"
101-->[:react-native-firebase_app] AndroidManifest.xml:23:13-37
102            android:initOrder="99" />
102-->[:react-native-firebase_app] AndroidManifest.xml:24:13-35
103
104        <activity
104-->[com.google.firebase:firebase-auth:21.0.1] AndroidManifest.xml:27:9-44:20
105            android:name="com.google.firebase.auth.internal.GenericIdpActivity"
105-->[com.google.firebase:firebase-auth:21.0.1] AndroidManifest.xml:28:13-80
106            android:excludeFromRecents="true"
106-->[com.google.firebase:firebase-auth:21.0.1] AndroidManifest.xml:29:13-46
107            android:exported="true"
107-->[com.google.firebase:firebase-auth:21.0.1] AndroidManifest.xml:30:13-36
108            android:launchMode="singleTask"
108-->[com.google.firebase:firebase-auth:21.0.1] AndroidManifest.xml:31:13-44
109            android:theme="@android:style/Theme.Translucent.NoTitleBar" >
109-->[com.google.firebase:firebase-auth:21.0.1] AndroidManifest.xml:32:13-72
110            <intent-filter>
110-->[com.google.firebase:firebase-auth:21.0.1] AndroidManifest.xml:33:13-43:29
111                <action android:name="android.intent.action.VIEW" />
111-->src\main\AndroidManifest.xml:25:13-65
111-->src\main\AndroidManifest.xml:25:21-62
112
113                <category android:name="android.intent.category.DEFAULT" />
113-->src\main\AndroidManifest.xml:26:13-72
113-->src\main\AndroidManifest.xml:26:23-69
114                <category android:name="android.intent.category.BROWSABLE" />
114-->src\main\AndroidManifest.xml:27:13-74
114-->src\main\AndroidManifest.xml:27:23-71
115
116                <data
116-->src\main\AndroidManifest.xml:28:13-71
117                    android:host="firebase.auth"
118                    android:path="/"
119                    android:scheme="genericidp" />
119-->src\main\AndroidManifest.xml:28:19-68
120            </intent-filter>
121        </activity>
122        <activity
122-->[com.google.firebase:firebase-auth:21.0.1] AndroidManifest.xml:45:9-62:20
123            android:name="com.google.firebase.auth.internal.RecaptchaActivity"
123-->[com.google.firebase:firebase-auth:21.0.1] AndroidManifest.xml:46:13-79
124            android:excludeFromRecents="true"
124-->[com.google.firebase:firebase-auth:21.0.1] AndroidManifest.xml:47:13-46
125            android:exported="true"
125-->[com.google.firebase:firebase-auth:21.0.1] AndroidManifest.xml:48:13-36
126            android:launchMode="singleTask"
126-->[com.google.firebase:firebase-auth:21.0.1] AndroidManifest.xml:49:13-44
127            android:theme="@android:style/Theme.Translucent.NoTitleBar" >
127-->[com.google.firebase:firebase-auth:21.0.1] AndroidManifest.xml:50:13-72
128            <intent-filter>
128-->[com.google.firebase:firebase-auth:21.0.1] AndroidManifest.xml:51:13-61:29
129                <action android:name="android.intent.action.VIEW" />
129-->src\main\AndroidManifest.xml:25:13-65
129-->src\main\AndroidManifest.xml:25:21-62
130
131                <category android:name="android.intent.category.DEFAULT" />
131-->src\main\AndroidManifest.xml:26:13-72
131-->src\main\AndroidManifest.xml:26:23-69
132                <category android:name="android.intent.category.BROWSABLE" />
132-->src\main\AndroidManifest.xml:27:13-74
132-->src\main\AndroidManifest.xml:27:23-71
133
134                <data
134-->src\main\AndroidManifest.xml:28:13-71
135                    android:host="firebase.auth"
136                    android:path="/"
137                    android:scheme="recaptcha" />
137-->src\main\AndroidManifest.xml:28:19-68
138            </intent-filter>
139        </activity>
140
141        <service
141-->[com.google.firebase:firebase-auth:21.0.1] AndroidManifest.xml:64:9-73:19
142            android:name="com.google.firebase.auth.api.fallback.service.FirebaseAuthFallbackService"
142-->[com.google.firebase:firebase-auth:21.0.1] AndroidManifest.xml:65:13-101
143            android:enabled="true"
143-->[com.google.firebase:firebase-auth:21.0.1] AndroidManifest.xml:66:13-35
144            android:exported="false" >
144-->[com.google.firebase:firebase-auth:21.0.1] AndroidManifest.xml:67:13-37
145            <intent-filter>
145-->[com.google.firebase:firebase-auth:21.0.1] AndroidManifest.xml:68:13-72:29
146                <action android:name="com.google.firebase.auth.api.gms.service.START" />
146-->[com.google.firebase:firebase-auth:21.0.1] AndroidManifest.xml:69:17-89
146-->[com.google.firebase:firebase-auth:21.0.1] AndroidManifest.xml:69:25-86
147
148                <category android:name="android.intent.category.DEFAULT" />
148-->src\main\AndroidManifest.xml:26:13-72
148-->src\main\AndroidManifest.xml:26:23-69
149            </intent-filter>
150        </service>
151
152        <activity android:name="com.facebook.CustomTabMainActivity" />
152-->[com.facebook.android:facebook-common:13.2.0] AndroidManifest.xml:34:9-71
152-->[com.facebook.android:facebook-common:13.2.0] AndroidManifest.xml:34:19-68
153        <!--
154         The initialization ContentProvider will call FacebookSdk.sdkInitialize automatically
155         with the application context. This config is merged in with the host app's manifest,
156         but there can only be one provider with the same authority activated at any given
157         point; so if the end user has two or more different apps that use Facebook SDK, only the
158         first one will be able to use the provider. To work around this problem, we use the
159         following placeholder in the authority to identify each host application as if it was
160         a completely different provider.
161        -->
162        <provider
162-->[com.facebook.android:facebook-core:13.2.0] AndroidManifest.xml:41:9-44:40
163            android:name="com.facebook.internal.FacebookInitProvider"
163-->[com.facebook.android:facebook-core:13.2.0] AndroidManifest.xml:42:13-70
164            android:authorities="com.todoapp.FacebookInitProvider"
164-->[com.facebook.android:facebook-core:13.2.0] AndroidManifest.xml:43:13-72
165            android:exported="false" />
165-->[com.facebook.android:facebook-core:13.2.0] AndroidManifest.xml:44:13-37
166
167        <receiver
167-->[com.facebook.android:facebook-core:13.2.0] AndroidManifest.xml:46:9-52:20
168            android:name="com.facebook.CurrentAccessTokenExpirationBroadcastReceiver"
168-->[com.facebook.android:facebook-core:13.2.0] AndroidManifest.xml:47:13-86
169            android:exported="false" >
169-->[com.facebook.android:facebook-core:13.2.0] AndroidManifest.xml:48:13-37
170            <intent-filter>
170-->[com.facebook.android:facebook-core:13.2.0] AndroidManifest.xml:49:13-51:29
171                <action android:name="com.facebook.sdk.ACTION_CURRENT_ACCESS_TOKEN_CHANGED" />
171-->[com.facebook.android:facebook-core:13.2.0] AndroidManifest.xml:50:17-95
171-->[com.facebook.android:facebook-core:13.2.0] AndroidManifest.xml:50:25-92
172            </intent-filter>
173        </receiver>
174        <receiver
174-->[com.facebook.android:facebook-core:13.2.0] AndroidManifest.xml:53:9-59:20
175            android:name="com.facebook.AuthenticationTokenManager$CurrentAuthenticationTokenChangedBroadcastReceiver"
175-->[com.facebook.android:facebook-core:13.2.0] AndroidManifest.xml:54:13-118
176            android:exported="false" >
176-->[com.facebook.android:facebook-core:13.2.0] AndroidManifest.xml:55:13-37
177            <intent-filter>
177-->[com.facebook.android:facebook-core:13.2.0] AndroidManifest.xml:56:13-58:29
178                <action android:name="com.facebook.sdk.ACTION_CURRENT_AUTHENTICATION_TOKEN_CHANGED" />
178-->[com.facebook.android:facebook-core:13.2.0] AndroidManifest.xml:57:17-103
178-->[com.facebook.android:facebook-core:13.2.0] AndroidManifest.xml:57:25-100
179            </intent-filter>
180        </receiver>
181
182        <activity
182-->[com.google.android.gms:play-services-auth:20.1.0] AndroidManifest.xml:23:9-27:75
183            android:name="com.google.android.gms.auth.api.signin.internal.SignInHubActivity"
183-->[com.google.android.gms:play-services-auth:20.1.0] AndroidManifest.xml:24:13-93
184            android:excludeFromRecents="true"
184-->[com.google.android.gms:play-services-auth:20.1.0] AndroidManifest.xml:25:13-46
185            android:exported="false"
185-->[com.google.android.gms:play-services-auth:20.1.0] AndroidManifest.xml:26:13-37
186            android:theme="@android:style/Theme.Translucent.NoTitleBar" />
186-->[com.google.android.gms:play-services-auth:20.1.0] AndroidManifest.xml:27:13-72
187        <!--
188            Service handling Google Sign-In user revocation. For apps that do not integrate with
189            Google Sign-In, this service will never be started.
190        -->
191        <service
191-->[com.google.android.gms:play-services-auth:20.1.0] AndroidManifest.xml:33:9-37:51
192            android:name="com.google.android.gms.auth.api.signin.RevocationBoundService"
192-->[com.google.android.gms:play-services-auth:20.1.0] AndroidManifest.xml:34:13-89
193            android:exported="true"
193-->[com.google.android.gms:play-services-auth:20.1.0] AndroidManifest.xml:35:13-36
194            android:permission="com.google.android.gms.auth.api.signin.permission.REVOCATION_NOTIFICATION"
194-->[com.google.android.gms:play-services-auth:20.1.0] AndroidManifest.xml:36:13-107
195            android:visibleToInstantApps="true" />
195-->[com.google.android.gms:play-services-auth:20.1.0] AndroidManifest.xml:37:13-48
196
197        <activity
197-->[com.google.android.gms:play-services-base:18.0.1] AndroidManifest.xml:20:9-22:45
198            android:name="com.google.android.gms.common.api.GoogleApiActivity"
198-->[com.google.android.gms:play-services-base:18.0.1] AndroidManifest.xml:20:19-85
199            android:exported="false"
199-->[com.google.android.gms:play-services-base:18.0.1] AndroidManifest.xml:22:19-43
200            android:theme="@android:style/Theme.Translucent.NoTitleBar" />
200-->[com.google.android.gms:play-services-base:18.0.1] AndroidManifest.xml:21:19-78
201
202        <provider
202-->[com.google.firebase:firebase-common:20.0.0] AndroidManifest.xml:26:9-31:39
203            android:name="com.google.firebase.provider.FirebaseInitProvider"
203-->[com.google.firebase:firebase-common:20.0.0] AndroidManifest.xml:27:13-77
204            android:authorities="com.todoapp.firebaseinitprovider"
204-->[com.google.firebase:firebase-common:20.0.0] AndroidManifest.xml:28:13-72
205            android:directBootAware="true"
205-->[com.google.firebase:firebase-common:20.0.0] AndroidManifest.xml:29:13-43
206            android:exported="false"
206-->[com.google.firebase:firebase-common:20.0.0] AndroidManifest.xml:30:13-37
207            android:initOrder="100" />
207-->[com.google.firebase:firebase-common:20.0.0] AndroidManifest.xml:31:13-36
208
209        <meta-data
209-->[com.google.android.gms:play-services-basement:18.0.0] AndroidManifest.xml:21:9-23:69
210            android:name="com.google.android.gms.version"
210-->[com.google.android.gms:play-services-basement:18.0.0] AndroidManifest.xml:22:13-58
211            android:value="@integer/google_play_services_version" />
211-->[com.google.android.gms:play-services-basement:18.0.0] AndroidManifest.xml:23:13-66
212    </application>
213
214</manifest>